<?xml version="1.0" encoding="UTF-8"?>
<!-- Generated by org.testng.reporters.JUnitXMLReporter -->
<testsuite ignored="0" hostname="DESKTOP-9C5438O" failures="0" tests="2" name="Default test" time="48.764" errors="0" timestamp="2021-12-31T22:59:17 IST">
  <testcase classname="com.crm.comcast.conatctTest.CreateContactTest" name="createContactWithLastNameTest" time="12.721"/>
  <testcase classname="com.crm.comcast.conatctTest.CreateContactTest" name="createContact_Support_DateTest" time="17.332"/>
</testsuite> <!-- Default test -->
