<?xml version="1.0" encoding="UTF-8"?>
<!-- Generated by org.testng.reporters.JUnitXMLReporter -->
<testsuite hostname="DESKTOP-9C5438O" ignored="1" name="Test" tests="2" failures="0" timestamp="2022-03-20T09:18:09 IST" time="0.081" errors="0">
  <testcase name="executeDBScript" time="0.012" classname="wednesdayDriveRegionalRegression.PriorityTest"/>
  <testcase name="closeDbTest" time="0.003" classname="wednesdayDriveRegionalRegression.PriorityTest"/>
  <testcase name="establishDbTest" time="0.0" classname="wednesdayDriveRegionalRegression.PriorityTest">
    <ignored/>
  </testcase> <!-- establishDbTest -->
</testsuite> <!-- Test -->
