<?xml version="1.0" encoding="UTF-8"?>
<!-- Generated by org.testng.reporters.JUnitXMLReporter -->
<testsuite hostname="DESKTOP-9C5438O" ignored="1" name="TestRunner-2" tests="4" failures="0" timestamp="2022-03-20T10:19:20 IST" time="0.154" errors="0">
  <testcase name="bookTicketTest" time="0.013" classname="wednesdayDriveDistributedParallel.BookTicketTest"/>
  <testcase name="bookTicketTest" time="0.004" classname="wednesdayDriveDistributedParallel.BookTicketTest"/>
  <testcase name="executeAnnotTest" time="0.003" classname="wednesdayDriveDistributedParallel.AnnotaionsInTestNGTest"/>
  <testcase name="createTest" time="0.001" classname="wednesdayDriveDistributedParallel.EnableTest"/>
  <testcase name="executeTest" time="0.0" classname="wednesdayDriveDistributedParallel.EnableTest">
    <ignored/>
  </testcase> <!-- executeTest -->
</testsuite> <!-- TestRunner-2 -->
