<?xml version="1.0" encoding="UTF-8"?>
<!-- Generated by org.testng.reporters.JUnitXMLReporter -->
<testsuite hostname="DESKTOP-9C5438O" ignored="0" name="TestRunner-1" tests="6" failures="0" timestamp="2022-03-20T10:19:20 IST" time="0.139" errors="0">
  <testcase name="establishDbTest" time="0.011" classname="wednesdayDriveDistributedParallel.PriorityTest"/>
  <testcase name="establishconnectionTest" time="0.003" classname="wednesdayDriveDistributedParallel.DependsOnMethodTest"/>
  <testcase name="closeconnectionTest" time="0.003" classname="wednesdayDriveDistributedParallel.DependsOnMethodTest"/>
  <testcase name="executeDBScript" time="0.002" classname="wednesdayDriveDistributedParallel.PriorityTest"/>
  <testcase name="executeTest" time="0.002" classname="wednesdayDriveDistributedParallel.DependsOnMethodTest"/>
  <testcase name="closeDbTest" time="0.002" classname="wednesdayDriveDistributedParallel.PriorityTest"/>
</testsuite> <!-- TestRunner-1 -->
