<?xml version="1.0" encoding="UTF-8"?>
<testng-results ignored="0" total="2" passed="2" failed="0" skipped="0">
  <reporter-output>
  </reporter-output>
  <suite started-at="2021-12-31T22:58:28 IST" name="Default suite" finished-at="2021-12-31T22:59:17 IST" duration-ms="48764">
    <groups>
      <group name="regressionTest">
        <method signature="CreateContactTest.createContact_Support_DateTest()[pri:0, instance:com.crm.comcast.conatctTest.CreateContactTest@1af2d44a]" name="createContact_Support_DateTest" class="com.crm.comcast.conatctTest.CreateContactTest"/>
      </group> <!-- regressionTest -->
      <group name="smokeTest">
        <method signature="CreateContactTest.createContactWithLastNameTest()[pri:0, instance:com.crm.comcast.conatctTest.CreateContactTest@1af2d44a]" name="createContactWithLastNameTest" class="com.crm.comcast.conatctTest.CreateContactTest"/>
      </group> <!-- smokeTest -->
    </groups>
    <test started-at="2021-12-31T22:58:28 IST" name="Default test" finished-at="2021-12-31T22:59:17 IST" duration-ms="48764">
      <class name="com.crm.comcast.conatctTest.CreateContactTest">
        <test-method is-config="true" signature="config_BS()[pri:0, instance:com.crm.comcast.conatctTest.CreateContactTest@1af2d44a]" started-at="2021-12-31T22:58:28 IST" name="config_BS" finished-at="2021-12-31T22:58:28 IST" duration-ms="10" status="PASS">
          <reporter-output>
          </reporter-output>
        </test-method> <!-- config_BS -->
        <test-method is-config="true" signature="config_BC()[pri:0, instance:com.crm.comcast.conatctTest.CreateContactTest@1af2d44a]" started-at="2021-12-31T22:58:29 IST" name="config_BC" finished-at="2021-12-31T22:58:31 IST" duration-ms="2616" status="PASS">
          <reporter-output>
          </reporter-output>
        </test-method> <!-- config_BC -->
        <test-method is-config="true" signature="config_BM()[pri:0, instance:com.crm.comcast.conatctTest.CreateContactTest@1af2d44a]" started-at="2021-12-31T22:58:31 IST" name="config_BM" finished-at="2021-12-31T22:58:38 IST" duration-ms="6643" status="PASS">
          <reporter-output>
          </reporter-output>
        </test-method> <!-- config_BM -->
        <test-method signature="createContactWithLastNameTest()[pri:0, instance:com.crm.comcast.conatctTest.CreateContactTest@1af2d44a]" started-at="2021-12-31T22:58:38 IST" name="createContactWithLastNameTest" finished-at="2021-12-31T22:58:50 IST" duration-ms="12721" status="PASS">
          <reporter-output>
          </reporter-output>
        </test-method> <!-- createContactWithLastNameTest -->
        <test-method is-config="true" signature="config_AM()[pri:0, instance:com.crm.comcast.conatctTest.CreateContactTest@1af2d44a]" started-at="2021-12-31T22:58:51 IST" name="config_AM" finished-at="2021-12-31T22:58:52 IST" duration-ms="1664" status="PASS">
          <reporter-output>
          </reporter-output>
        </test-method> <!-- config_AM -->
        <test-method is-config="true" signature="config_BM()[pri:0, instance:com.crm.comcast.conatctTest.CreateContactTest@1af2d44a]" started-at="2021-12-31T22:58:52 IST" name="config_BM" finished-at="2021-12-31T22:58:56 IST" duration-ms="3434" status="PASS">
          <reporter-output>
          </reporter-output>
        </test-method> <!-- config_BM -->
        <test-method signature="createContact_Support_DateTest()[pri:0, instance:com.crm.comcast.conatctTest.CreateContactTest@1af2d44a]" started-at="2021-12-31T22:58:56 IST" name="createContact_Support_DateTest" finished-at="2021-12-31T22:59:13 IST" duration-ms="17332" status="PASS">
          <reporter-output>
          </reporter-output>
        </test-method> <!-- createContact_Support_DateTest -->
        <test-method is-config="true" signature="config_AM()[pri:0, instance:com.crm.comcast.conatctTest.CreateContactTest@1af2d44a]" started-at="2021-12-31T22:59:13 IST" name="config_AM" finished-at="2021-12-31T22:59:16 IST" duration-ms="3218" status="PASS">
          <reporter-output>
          </reporter-output>
        </test-method> <!-- config_AM -->
        <test-method is-config="true" signature="config_AC()[pri:0, instance:com.crm.comcast.conatctTest.CreateContactTest@1af2d44a]" started-at="2021-12-31T22:59:16 IST" name="config_AC" finished-at="2021-12-31T22:59:17 IST" duration-ms="1087" status="PASS">
          <reporter-output>
          </reporter-output>
        </test-method> <!-- config_AC -->
        <test-method is-config="true" signature="config_AS()[pri:0, instance:com.crm.comcast.conatctTest.CreateContactTest@1af2d44a]" started-at="2021-12-31T22:59:17 IST" name="config_AS" finished-at="2021-12-31T22:59:17 IST" duration-ms="0" status="PASS">
          <reporter-output>
          </reporter-output>
        </test-method> <!-- config_AS -->
      </class> <!-- com.crm.comcast.conatctTest.CreateContactTest -->
    </test> <!-- Default test -->
  </suite> <!-- Default suite -->
</testng-results>
