<?xml version="1.0" encoding="UTF-8"?>
<testng-results skipped="0" failed="0" ignored="1" total="11" passed="10">
  <reporter-output>
  </reporter-output>
  <suite name="Suite" duration-ms="154" started-at="2022-03-20T10:19:20 IST" finished-at="2022-03-20T10:19:20 IST">
    <groups>
    </groups>
    <test name="TestRunner-2" duration-ms="154" started-at="2022-03-20T10:19:20 IST" finished-at="2022-03-20T10:19:20 IST">
      <class name="wednesdayDriveDistributedParallel.BookTicketTest">
        <test-method status="PASS" signature="bookTicketTest(java.lang.String,java.lang.String)[pri:0, instance:wednesdayDriveDistributedParallel.BookTicketTest@52f759d7]" name="bookTicketTest" duration-ms="13" started-at="2022-03-20T10:19:20 IST" data-provider="dataProvider_bookTicketTest" finished-at="2022-03-20T10:19:20 IST">
          <params>
            <param index="0">
              <value>
                <![CDATA[Bangalore]]>
              </value>
            </param>
            <param index="1">
              <value>
                <![CDATA[Mysore]]>
              </value>
            </param>
          </params>
          <reporter-output>
          </reporter-output>
        </test-method> <!-- bookTicketTest -->
        <test-method status="PASS" signature="bookTicketTest(java.lang.String,java.lang.String)[pri:0, instance:wednesdayDriveDistributedParallel.BookTicketTest@52f759d7]" name="bookTicketTest" duration-ms="4" started-at="2022-03-20T10:19:20 IST" data-provider="dataProvider_bookTicketTest" finished-at="2022-03-20T10:19:20 IST">
          <params>
            <param index="0">
              <value>
                <![CDATA[Whitefield]]>
              </value>
            </param>
            <param index="1">
              <value>
                <![CDATA[Majestic]]>
              </value>
            </param>
          </params>
          <reporter-output>
          </reporter-output>
        </test-method> <!-- bookTicketTest -->
      </class> <!-- wednesdayDriveDistributedParallel.BookTicketTest -->
      <class name="wednesdayDriveDistributedParallel.EnableTest">
        <test-method status="PASS" signature="createTest()[pri:0, instance:wednesdayDriveDistributedParallel.EnableTest@22eeefeb]" name="createTest" duration-ms="1" started-at="2022-03-20T10:19:20 IST" finished-at="2022-03-20T10:19:20 IST">
          <reporter-output>
          </reporter-output>
        </test-method> <!-- createTest -->
      </class> <!-- wednesdayDriveDistributedParallel.EnableTest -->
      <class name="wednesdayDriveDistributedParallel.AnnotaionsInTestNGTest">
        <test-method status="PASS" signature="connectToDBTest()[pri:0, instance:wednesdayDriveDistributedParallel.AnnotaionsInTestNGTest@289d1c02]" name="connectToDBTest" is-config="true" duration-ms="17" started-at="2022-03-20T10:19:20 IST" finished-at="2022-03-20T10:19:20 IST">
          <reporter-output>
          </reporter-output>
        </test-method> <!-- connectToDBTest -->
        <test-method status="PASS" signature="createAnnotTest()[pri:0, instance:wednesdayDriveDistributedParallel.AnnotaionsInTestNGTest@289d1c02]" name="createAnnotTest" is-config="true" duration-ms="1" started-at="2022-03-20T10:19:20 IST" finished-at="2022-03-20T10:19:20 IST">
          <reporter-output>
          </reporter-output>
        </test-method> <!-- createAnnotTest -->
        <test-method status="PASS" signature="launchTheBrowserTest()[pri:0, instance:wednesdayDriveDistributedParallel.AnnotaionsInTestNGTest@289d1c02]" name="launchTheBrowserTest" is-config="true" duration-ms="2" started-at="2022-03-20T10:19:20 IST" finished-at="2022-03-20T10:19:20 IST">
          <reporter-output>
          </reporter-output>
        </test-method> <!-- launchTheBrowserTest -->
        <test-method status="PASS" signature="loginToPageTest()[pri:0, instance:wednesdayDriveDistributedParallel.AnnotaionsInTestNGTest@289d1c02]" name="loginToPageTest" is-config="true" duration-ms="0" started-at="2022-03-20T10:19:20 IST" finished-at="2022-03-20T10:19:20 IST">
          <reporter-output>
          </reporter-output>
        </test-method> <!-- loginToPageTest -->
        <test-method status="PASS" signature="executeAnnotTest()[pri:0, instance:wednesdayDriveDistributedParallel.AnnotaionsInTestNGTest@289d1c02]" name="executeAnnotTest" duration-ms="3" started-at="2022-03-20T10:19:20 IST" finished-at="2022-03-20T10:19:20 IST">
          <reporter-output>
          </reporter-output>
        </test-method> <!-- executeAnnotTest -->
        <test-method status="PASS" signature="logoutToPageTest()[pri:0, instance:wednesdayDriveDistributedParallel.AnnotaionsInTestNGTest@289d1c02]" name="logoutToPageTest" is-config="true" duration-ms="1" started-at="2022-03-20T10:19:20 IST" finished-at="2022-03-20T10:19:20 IST">
          <reporter-output>
          </reporter-output>
        </test-method> <!-- logoutToPageTest -->
        <test-method status="PASS" signature="closeTheBrowserTest()[pri:0, instance:wednesdayDriveDistributedParallel.AnnotaionsInTestNGTest@289d1c02]" name="closeTheBrowserTest" is-config="true" duration-ms="1" started-at="2022-03-20T10:19:20 IST" finished-at="2022-03-20T10:19:20 IST">
          <reporter-output>
          </reporter-output>
        </test-method> <!-- closeTheBrowserTest -->
        <test-method status="PASS" signature="closeAnnotTest()[pri:0, instance:wednesdayDriveDistributedParallel.AnnotaionsInTestNGTest@289d1c02]" name="closeAnnotTest" is-config="true" duration-ms="3" started-at="2022-03-20T10:19:20 IST" finished-at="2022-03-20T10:19:20 IST">
          <reporter-output>
          </reporter-output>
        </test-method> <!-- closeAnnotTest -->
        <test-method status="PASS" signature="disconnectToDBTest()[pri:0, instance:wednesdayDriveDistributedParallel.AnnotaionsInTestNGTest@289d1c02]" name="disconnectToDBTest" is-config="true" duration-ms="1" started-at="2022-03-20T10:19:21 IST" finished-at="2022-03-20T10:19:21 IST">
          <reporter-output>
          </reporter-output>
        </test-method> <!-- disconnectToDBTest -->
      </class> <!-- wednesdayDriveDistributedParallel.AnnotaionsInTestNGTest -->
    </test> <!-- TestRunner-2 -->
    <test name="TestRunner-1" duration-ms="139" started-at="2022-03-20T10:19:20 IST" finished-at="2022-03-20T10:19:20 IST">
      <class name="wednesdayDriveDistributedParallel.DependsOnMethodTest">
        <test-method status="PASS" signature="establishconnectionTest()[pri:0, instance:wednesdayDriveDistributedParallel.DependsOnMethodTest@2f943d71]" name="establishconnectionTest" duration-ms="3" started-at="2022-03-20T10:19:20 IST" finished-at="2022-03-20T10:19:20 IST">
          <reporter-output>
          </reporter-output>
        </test-method> <!-- establishconnectionTest -->
        <test-method status="PASS" signature="closeconnectionTest()[pri:0, instance:wednesdayDriveDistributedParallel.DependsOnMethodTest@2f943d71]" name="closeconnectionTest" duration-ms="3" started-at="2022-03-20T10:19:20 IST" depends-on-methods="wednesdayDriveDistributedParallel.DependsOnMethodTest.establishconnectionTest" finished-at="2022-03-20T10:19:20 IST">
          <reporter-output>
          </reporter-output>
        </test-method> <!-- closeconnectionTest -->
        <test-method status="PASS" signature="executeTest()[pri:0, instance:wednesdayDriveDistributedParallel.DependsOnMethodTest@2f943d71]" name="executeTest" duration-ms="2" started-at="2022-03-20T10:19:20 IST" depends-on-methods="wednesdayDriveDistributedParallel.DependsOnMethodTest.establishconnectionTest" finished-at="2022-03-20T10:19:20 IST">
          <reporter-output>
          </reporter-output>
        </test-method> <!-- executeTest -->
      </class> <!-- wednesdayDriveDistributedParallel.DependsOnMethodTest -->
      <class name="wednesdayDriveDistributedParallel.PriorityTest">
        <test-method status="PASS" signature="establishDbTest()[pri:-1, instance:wednesdayDriveDistributedParallel.PriorityTest@307f6b8c]" name="establishDbTest" duration-ms="11" started-at="2022-03-20T10:19:20 IST" finished-at="2022-03-20T10:19:20 IST">
          <reporter-output>
          </reporter-output>
        </test-method> <!-- establishDbTest -->
        <test-method status="PASS" signature="executeDBScript()[pri:0, instance:wednesdayDriveDistributedParallel.PriorityTest@307f6b8c]" name="executeDBScript" duration-ms="2" started-at="2022-03-20T10:19:20 IST" finished-at="2022-03-20T10:19:20 IST">
          <reporter-output>
          </reporter-output>
        </test-method> <!-- executeDBScript -->
        <test-method status="PASS" signature="closeDbTest()[pri:1, instance:wednesdayDriveDistributedParallel.PriorityTest@307f6b8c]" name="closeDbTest" duration-ms="2" started-at="2022-03-20T10:19:20 IST" finished-at="2022-03-20T10:19:20 IST">
          <reporter-output>
          </reporter-output>
        </test-method> <!-- closeDbTest -->
      </class> <!-- wednesdayDriveDistributedParallel.PriorityTest -->
    </test> <!-- TestRunner-1 -->
  </suite> <!-- Suite -->
</testng-results>
